{"/Users/akorzunov/dev/Z/mellis/github/UI/react-stroller/src/Bar.tsx": {"path":"/Users/akorzunov/dev/Z/mellis/github/UI/react-stroller/src/Bar.tsx","statementMap":{"0":{"start":{"line":2,"column":15},"end":{"line":9,"column":1}},"1":{"start":{"line":3,"column":4},"end":{"line":7,"column":5}},"2":{"start":{"line":4,"column":8},"end":{"line":4,"column":25}},"3":{"start":{"line":5,"column":8},"end":{"line":6,"column":24}},"4":{"start":{"line":5,"column":25},"end":{"line":6,"column":24}},"5":{"start":{"line":6,"column":12},"end":{"line":6,"column":24}},"6":{"start":{"line":8,"column":4},"end":{"line":8,"column":13}},"7":{"start":{"line":10,"column":0},"end":{"line":10,"column":62}},"8":{"start":{"line":11,"column":12},"end":{"line":11,"column":28}},"9":{"start":{"line":12,"column":10},"end":{"line":21,"column":1}},"10":{"start":{"line":13,"column":15},"end":{"line":13,"column":22}},"11":{"start":{"line":14,"column":4},"end":{"line":19,"column":20}},"12":{"start":{"line":22,"column":16},"end":{"line":43,"column":1}},"13":{"start":{"line":44,"column":0},"end":{"line":44,"column":109}},"14":{"start":{"line":44,"column":64},"end":{"line":44,"column":106}},"15":{"start":{"line":45,"column":0},"end":{"line":55,"column":2}},"16":{"start":{"line":46,"column":22},"end":{"line":46,"column":36}},"17":{"start":{"line":46,"column":46},"end":{"line":46,"column":54}},"18":{"start":{"line":46,"column":69},"end":{"line":46,"column":82}},"19":{"start":{"line":46,"column":95},"end":{"line":46,"column":106}},"20":{"start":{"line":46,"column":113},"end":{"line":46,"column":120}},"21":{"start":{"line":46,"column":129},"end":{"line":46,"column":160}},"22":{"start":{"line":46,"column":167},"end":{"line":46,"column":186}},"23":{"start":{"line":46,"column":207},"end":{"line":46,"column":233}},"24":{"start":{"line":46,"column":240},"end":{"line":46,"column":252}},"25":{"start":{"line":46,"column":266},"end":{"line":46,"column":292}},"26":{"start":{"line":46,"column":299},"end":{"line":46,"column":314}},"27":{"start":{"line":46,"column":331},"end":{"line":46,"column":379}},"28":{"start":{"line":46,"column":386},"end":{"line":46,"column":397}},"29":{"start":{"line":46,"column":410},"end":{"line":46,"column":436}},"30":{"start":{"line":46,"column":453},"end":{"line":46,"column":468}},"31":{"start":{"line":47,"column":4},"end":{"line":49,"column":5}},"32":{"start":{"line":48,"column":8},"end":{"line":48,"column":20}},"33":{"start":{"line":50,"column":20},"end":{"line":50,"column":76}},"34":{"start":{"line":51,"column":19},"end":{"line":51,"column":34}},"35":{"start":{"line":52,"column":4},"end":{"line":53,"column":76}}},"fnMap":{"0":{"name":"(anonymous_0)","decl":{"start":{"line":2,"column":59},"end":{"line":2,"column":60}},"loc":{"start":{"line":2,"column":71},"end":{"line":9,"column":1}},"line":2},"1":{"name":"(anonymous_1)","decl":{"start":{"line":12,"column":10},"end":{"line":12,"column":11}},"loc":{"start":{"line":12,"column":24},"end":{"line":21,"column":1}},"line":12},"2":{"name":"(anonymous_2)","decl":{"start":{"line":44,"column":30},"end":{"line":44,"column":31}},"loc":{"start":{"line":44,"column":62},"end":{"line":44,"column":108}},"line":44},"3":{"name":"(anonymous_3)","decl":{"start":{"line":45,"column":21},"end":{"line":45,"column":22}},"loc":{"start":{"line":45,"column":35},"end":{"line":55,"column":1}},"line":45}},"branchMap":{"0":{"loc":{"start":{"line":2,"column":15},"end":{"line":9,"column":1}},"type":"binary-expr","locations":[{"start":{"line":2,"column":16},"end":{"line":2,"column":20}},{"start":{"line":2,"column":24},"end":{"line":2,"column":37}},{"start":{"line":2,"column":42},"end":{"line":2,"column":55}},{"start":{"line":2,"column":59},"end":{"line":9,"column":1}}],"line":2},"1":{"loc":{"start":{"line":5,"column":25},"end":{"line":6,"column":24}},"type":"if","locations":[{"start":{"line":5,"column":25},"end":{"line":6,"column":24}},{"start":{"line":5,"column":25},"end":{"line":6,"column":24}}],"line":5},"2":{"loc":{"start":{"line":15,"column":15},"end":{"line":15,"column":55}},"type":"cond-expr","locations":[{"start":{"line":15,"column":37},"end":{"line":15,"column":44}},{"start":{"line":15,"column":47},"end":{"line":15,"column":55}}],"line":15},"3":{"loc":{"start":{"line":16,"column":15},"end":{"line":16,"column":55}},"type":"cond-expr","locations":[{"start":{"line":16,"column":37},"end":{"line":16,"column":45}},{"start":{"line":16,"column":48},"end":{"line":16,"column":55}}],"line":16},"4":{"loc":{"start":{"line":46,"column":129},"end":{"line":46,"column":160}},"type":"cond-expr","locations":[{"start":{"line":46,"column":145},"end":{"line":46,"column":155}},{"start":{"line":46,"column":158},"end":{"line":46,"column":160}}],"line":46},"5":{"loc":{"start":{"line":46,"column":207},"end":{"line":46,"column":233}},"type":"cond-expr","locations":[{"start":{"line":46,"column":223},"end":{"line":46,"column":228}},{"start":{"line":46,"column":231},"end":{"line":46,"column":233}}],"line":46},"6":{"loc":{"start":{"line":46,"column":266},"end":{"line":46,"column":292}},"type":"cond-expr","locations":[{"start":{"line":46,"column":282},"end":{"line":46,"column":287}},{"start":{"line":46,"column":290},"end":{"line":46,"column":292}}],"line":46},"7":{"loc":{"start":{"line":46,"column":331},"end":{"line":46,"column":379}},"type":"cond-expr","locations":[{"start":{"line":46,"column":347},"end":{"line":46,"column":374}},{"start":{"line":46,"column":377},"end":{"line":46,"column":379}}],"line":46},"8":{"loc":{"start":{"line":46,"column":410},"end":{"line":46,"column":436}},"type":"cond-expr","locations":[{"start":{"line":46,"column":426},"end":{"line":46,"column":431}},{"start":{"line":46,"column":434},"end":{"line":46,"column":436}}],"line":46},"9":{"loc":{"start":{"line":47,"column":4},"end":{"line":49,"column":5}},"type":"if","locations":[{"start":{"line":47,"column":4},"end":{"line":49,"column":5}},{"start":{"line":47,"column":4},"end":{"line":49,"column":5}}],"line":47},"10":{"loc":{"start":{"line":51,"column":19},"end":{"line":51,"column":34}},"type":"binary-expr","locations":[{"start":{"line":51,"column":19},"end":{"line":51,"column":27}},{"start":{"line":51,"column":31},"end":{"line":51,"column":34}}],"line":51},"11":{"loc":{"start":{"line":52,"column":129},"end":{"line":52,"column":185}},"type":"cond-expr","locations":[{"start":{"line":52,"column":140},"end":{"line":52,"column":150}},{"start":{"line":52,"column":154},"end":{"line":52,"column":184}}],"line":52},"12":{"loc":{"start":{"line":52,"column":154},"end":{"line":52,"column":184}},"type":"cond-expr","locations":[{"start":{"line":52,"column":166},"end":{"line":52,"column":172}},{"start":{"line":52,"column":175},"end":{"line":52,"column":184}}],"line":52},"13":{"loc":{"start":{"line":52,"column":192},"end":{"line":52,"column":232}},"type":"cond-expr","locations":[{"start":{"line":52,"column":214},"end":{"line":52,"column":222}},{"start":{"line":52,"column":225},"end":{"line":52,"column":232}}],"line":52},"14":{"loc":{"start":{"line":52,"column":287},"end":{"line":52,"column":311}},"type":"cond-expr","locations":[{"start":{"line":52,"column":306},"end":{"line":52,"column":307}},{"start":{"line":52,"column":310},"end":{"line":52,"column":311}}],"line":52}},"s":{"0":1,"1":0,"2":0,"3":0,"4":0,"5":0,"6":0,"7":1,"8":1,"9":1,"10":0,"11":0,"12":1,"13":1,"14":0,"15":1,"16":0,"17":0,"18":0,"19":0,"20":0,"21":0,"22":0,"23":0,"24":0,"25":0,"26":0,"27":0,"28":0,"29":0,"30":0,"31":0,"32":0,"33":0,"34":0,"35":0},"f":{"0":0,"1":0,"2":0,"3":0},"b":{"0":[1,1,1,0],"1":[0,0],"2":[0,0],"3":[0,0],"4":[0,0],"5":[0,0],"6":[0,0],"7":[0,0],"8":[0,0],"9":[0,0],"10":[0,0],"11":[0,0],"12":[0,0],"13":[0,0],"14":[0,0]},"_coverageSchema":"332fd63041d2c1bcb487cc26dd0d5f7d97098a6c","hash":"76230e185a42626d34b5871e96aaa614a175572f"}
,"/Users/akorzunov/dev/Z/mellis/github/UI/react-stroller/src/Container.tsx": {"path":"/Users/akorzunov/dev/Z/mellis/github/UI/react-stroller/src/Container.tsx","statementMap":{"0":{"start":{"line":2,"column":16},"end":{"line":11,"column":4}},"1":{"start":{"line":3,"column":24},"end":{"line":5,"column":82}},"2":{"start":{"line":4,"column":65},"end":{"line":4,"column":81}},"3":{"start":{"line":5,"column":26},"end":{"line":5,"column":80}},"4":{"start":{"line":5,"column":43},"end":{"line":5,"column":80}},"5":{"start":{"line":5,"column":68},"end":{"line":5,"column":80}},"6":{"start":{"line":6,"column":4},"end":{"line":10,"column":6}},"7":{"start":{"line":7,"column":8},"end":{"line":7,"column":28}},"8":{"start":{"line":8,"column":24},"end":{"line":8,"column":45}},"9":{"start":{"line":9,"column":8},"end":{"line":9,"column":93}},"10":{"start":{"line":12,"column":0},"end":{"line":12,"column":62}},"11":{"start":{"line":13,"column":12},"end":{"line":13,"column":28}},"12":{"start":{"line":14,"column":14},"end":{"line":14,"column":32}},"13":{"start":{"line":15,"column":15},"end":{"line":28,"column":1}},"14":{"start":{"line":16,"column":4},"end":{"line":16,"column":47}},"15":{"start":{"line":16,"column":27},"end":{"line":16,"column":45}},"16":{"start":{"line":17,"column":4},"end":{"line":26,"column":11}},"17":{"start":{"line":29,"column":21},"end":{"line":33,"column":1}},"18":{"start":{"line":34,"column":0},"end":{"line":38,"column":2}},"19":{"start":{"line":39,"column":0},"end":{"line":44,"column":2}},"20":{"start":{"line":45,"column":18},"end":{"line":60,"column":18}},"21":{"start":{"line":46,"column":4},"end":{"line":46,"column":34}},"22":{"start":{"line":48,"column":20},"end":{"line":48,"column":52}},"23":{"start":{"line":49,"column":8},"end":{"line":49,"column":30}},"24":{"start":{"line":50,"column":8},"end":{"line":50,"column":56}},"25":{"start":{"line":51,"column":8},"end":{"line":51,"column":21}},"26":{"start":{"line":53,"column":4},"end":{"line":58,"column":6}},"27":{"start":{"line":54,"column":17},"end":{"line":54,"column":27}},"28":{"start":{"line":54,"column":40},"end":{"line":54,"column":51}},"29":{"start":{"line":54,"column":60},"end":{"line":54,"column":67}},"30":{"start":{"line":54,"column":74},"end":{"line":54,"column":87}},"31":{"start":{"line":54,"column":102},"end":{"line":54,"column":128}},"32":{"start":{"line":54,"column":142},"end":{"line":54,"column":154}},"33":{"start":{"line":55,"column":8},"end":{"line":57,"column":94}},"34":{"start":{"line":59,"column":4},"end":{"line":59,"column":22}},"35":{"start":{"line":61,"column":0},"end":{"line":61,"column":32}}},"fnMap":{"0":{"name":"(anonymous_0)","decl":{"start":{"line":2,"column":45},"end":{"line":2,"column":46}},"loc":{"start":{"line":2,"column":57},"end":{"line":11,"column":1}},"line":2},"1":{"name":"(anonymous_1)","decl":{"start":{"line":4,"column":47},"end":{"line":4,"column":48}},"loc":{"start":{"line":4,"column":63},"end":{"line":4,"column":83}},"line":4},"2":{"name":"(anonymous_2)","decl":{"start":{"line":5,"column":8},"end":{"line":5,"column":9}},"loc":{"start":{"line":5,"column":24},"end":{"line":5,"column":82}},"line":5},"3":{"name":"(anonymous_3)","decl":{"start":{"line":6,"column":11},"end":{"line":6,"column":12}},"loc":{"start":{"line":6,"column":27},"end":{"line":10,"column":5}},"line":6},"4":{"name":"__","decl":{"start":{"line":8,"column":17},"end":{"line":8,"column":19}},"loc":{"start":{"line":8,"column":22},"end":{"line":8,"column":47}},"line":8},"5":{"name":"(anonymous_5)","decl":{"start":{"line":15,"column":15},"end":{"line":15,"column":16}},"loc":{"start":{"line":15,"column":56},"end":{"line":28,"column":1}},"line":15},"6":{"name":"(anonymous_6)","decl":{"start":{"line":45,"column":18},"end":{"line":45,"column":19}},"loc":{"start":{"line":45,"column":36},"end":{"line":60,"column":1}},"line":45},"7":{"name":"Strollable","decl":{"start":{"line":47,"column":13},"end":{"line":47,"column":23}},"loc":{"start":{"line":47,"column":31},"end":{"line":52,"column":5}},"line":47},"8":{"name":"(anonymous_8)","decl":{"start":{"line":53,"column":34},"end":{"line":53,"column":35}},"loc":{"start":{"line":53,"column":46},"end":{"line":58,"column":5}},"line":53}},"branchMap":{"0":{"loc":{"start":{"line":2,"column":16},"end":{"line":11,"column":4}},"type":"binary-expr","locations":[{"start":{"line":2,"column":17},"end":{"line":2,"column":21}},{"start":{"line":2,"column":25},"end":{"line":2,"column":39}},{"start":{"line":2,"column":44},"end":{"line":11,"column":4}}],"line":2},"1":{"loc":{"start":{"line":3,"column":24},"end":{"line":5,"column":82}},"type":"binary-expr","locations":[{"start":{"line":3,"column":24},"end":{"line":3,"column":45}},{"start":{"line":4,"column":9},"end":{"line":4,"column":43}},{"start":{"line":4,"column":47},"end":{"line":4,"column":83}},{"start":{"line":5,"column":8},"end":{"line":5,"column":82}}],"line":3},"2":{"loc":{"start":{"line":5,"column":43},"end":{"line":5,"column":80}},"type":"if","locations":[{"start":{"line":5,"column":43},"end":{"line":5,"column":80}},{"start":{"line":5,"column":43},"end":{"line":5,"column":80}}],"line":5},"3":{"loc":{"start":{"line":9,"column":22},"end":{"line":9,"column":92}},"type":"cond-expr","locations":[{"start":{"line":9,"column":35},"end":{"line":9,"column":51}},{"start":{"line":9,"column":55},"end":{"line":9,"column":91}}],"line":9},"4":{"loc":{"start":{"line":16,"column":4},"end":{"line":16,"column":47}},"type":"if","locations":[{"start":{"line":16,"column":4},"end":{"line":16,"column":47}},{"start":{"line":16,"column":4},"end":{"line":16,"column":47}}],"line":16},"5":{"loc":{"start":{"line":23,"column":32},"end":{"line":23,"column":66}},"type":"cond-expr","locations":[{"start":{"line":23,"column":45},"end":{"line":23,"column":54}},{"start":{"line":23,"column":57},"end":{"line":23,"column":66}}],"line":23},"6":{"loc":{"start":{"line":24,"column":11},"end":{"line":24,"column":65}},"type":"cond-expr","locations":[{"start":{"line":24,"column":33},"end":{"line":24,"column":47}},{"start":{"line":24,"column":50},"end":{"line":24,"column":65}}],"line":24},"7":{"loc":{"start":{"line":48,"column":20},"end":{"line":48,"column":52}},"type":"binary-expr","locations":[{"start":{"line":48,"column":20},"end":{"line":48,"column":44}},{"start":{"line":48,"column":48},"end":{"line":48,"column":52}}],"line":48},"8":{"loc":{"start":{"line":54,"column":102},"end":{"line":54,"column":128}},"type":"cond-expr","locations":[{"start":{"line":54,"column":118},"end":{"line":54,"column":123}},{"start":{"line":54,"column":126},"end":{"line":54,"column":128}}],"line":54}},"s":{"0":1,"1":1,"2":0,"3":0,"4":0,"5":0,"6":1,"7":1,"8":1,"9":1,"10":1,"11":1,"12":1,"13":1,"14":1,"15":1,"16":1,"17":1,"18":1,"19":1,"20":1,"21":1,"22":1,"23":1,"24":1,"25":1,"26":1,"27":1,"28":1,"29":1,"30":1,"31":1,"32":1,"33":1,"34":1,"35":1},"f":{"0":1,"1":0,"2":0,"3":1,"4":1,"5":1,"6":1,"7":1,"8":1},"b":{"0":[1,1,1],"1":[1,0,0,0],"2":[0,0],"3":[0,1],"4":[1,0],"5":[0,1],"6":[1,0],"7":[1,1],"8":[1,0]},"_coverageSchema":"332fd63041d2c1bcb487cc26dd0d5f7d97098a6c","hash":"b1e06ed5835078c2fa10612a431dd98e73da9756"}
,"/Users/akorzunov/dev/Z/mellis/github/UI/react-stroller/src/DragEngine.ts": {"path":"/Users/akorzunov/dev/Z/mellis/github/UI/react-stroller/src/DragEngine.ts","statementMap":{"0":{"start":{"line":2,"column":0},"end":{"line":2,"column":62}},"1":{"start":{"line":3,"column":14},"end":{"line":3,"column":30}},"2":{"start":{"line":4,"column":0},"end":{"line":4,"column":30}},"3":{"start":{"line":5,"column":0},"end":{"line":5,"column":50}},"4":{"start":{"line":6,"column":0},"end":{"line":6,"column":48}},"5":{"start":{"line":7,"column":15},"end":{"line":24,"column":1}},"6":{"start":{"line":9,"column":20},"end":{"line":9,"column":28}},"7":{"start":{"line":9,"column":40},"end":{"line":9,"column":50}},"8":{"start":{"line":9,"column":62},"end":{"line":9,"column":72}},"9":{"start":{"line":10,"column":19},"end":{"line":13,"column":9}},"10":{"start":{"line":11,"column":12},"end":{"line":11,"column":36}},"11":{"start":{"line":12,"column":12},"end":{"line":12,"column":35}},"12":{"start":{"line":14,"column":8},"end":{"line":14,"column":48}},"13":{"start":{"line":15,"column":8},"end":{"line":15,"column":51}},"14":{"start":{"line":16,"column":8},"end":{"line":16,"column":34}},"15":{"start":{"line":19,"column":22},"end":{"line":19,"column":32}},"16":{"start":{"line":20,"column":19},"end":{"line":20,"column":24}},"17":{"start":{"line":20,"column":33},"end":{"line":20,"column":38}},"18":{"start":{"line":21,"column":19},"end":{"line":21,"column":58}},"19":{"start":{"line":22,"column":8},"end":{"line":22,"column":51}},"20":{"start":{"line":25,"column":19},"end":{"line":39,"column":1}},"21":{"start":{"line":27,"column":22},"end":{"line":27,"column":32}},"22":{"start":{"line":27,"column":44},"end":{"line":27,"column":54}},"23":{"start":{"line":28,"column":19},"end":{"line":31,"column":9}},"24":{"start":{"line":29,"column":12},"end":{"line":29,"column":36}},"25":{"start":{"line":30,"column":12},"end":{"line":30,"column":35}},"26":{"start":{"line":32,"column":8},"end":{"line":32,"column":55}},"27":{"start":{"line":33,"column":8},"end":{"line":33,"column":20}},"28":{"start":{"line":36,"column":22},"end":{"line":36,"column":32}},"29":{"start":{"line":37,"column":8},"end":{"line":37,"column":58}},"30":{"start":{"line":40,"column":16},"end":{"line":40,"column":75}},"31":{"start":{"line":40,"column":35},"end":{"line":40,"column":73}},"32":{"start":{"line":41,"column":0},"end":{"line":106,"column":3}},"33":{"start":{"line":47,"column":16},"end":{"line":47,"column":24}},"34":{"start":{"line":47,"column":38},"end":{"line":47,"column":50}},"35":{"start":{"line":48,"column":4},"end":{"line":48,"column":60}},"36":{"start":{"line":51,"column":16},"end":{"line":51,"column":24}},"37":{"start":{"line":51,"column":38},"end":{"line":51,"column":50}},"38":{"start":{"line":52,"column":4},"end":{"line":52,"column":68}},"39":{"start":{"line":55,"column":20},"end":{"line":55,"column":32}},"40":{"start":{"line":55,"column":41},"end":{"line":55,"column":48}},"41":{"start":{"line":56,"column":4},"end":{"line":56,"column":24}},"42":{"start":{"line":57,"column":4},"end":{"line":57,"column":26}},"43":{"start":{"line":60,"column":20},"end":{"line":60,"column":32}},"44":{"start":{"line":61,"column":4},"end":{"line":61,"column":29}},"45":{"start":{"line":64,"column":15},"end":{"line":64,"column":22}},"46":{"start":{"line":65,"column":4},"end":{"line":65,"column":31}},"47":{"start":{"line":68,"column":20},"end":{"line":68,"column":32}},"48":{"start":{"line":69,"column":4},"end":{"line":69,"column":29}},"49":{"start":{"line":72,"column":18},"end":{"line":72,"column":28}},"50":{"start":{"line":73,"column":4},"end":{"line":73,"column":45}},"51":{"start":{"line":76,"column":18},"end":{"line":76,"column":28}},"52":{"start":{"line":77,"column":4},"end":{"line":77,"column":25}},"53":{"start":{"line":80,"column":20},"end":{"line":80,"column":32}},"54":{"start":{"line":81,"column":4},"end":{"line":81,"column":58}},"55":{"start":{"line":84,"column":18},"end":{"line":84,"column":28}},"56":{"start":{"line":85,"column":4},"end":{"line":85,"column":45}},"57":{"start":{"line":88,"column":18},"end":{"line":88,"column":28}},"58":{"start":{"line":89,"column":4},"end":{"line":89,"column":56}},"59":{"start":{"line":92,"column":18},"end":{"line":92,"column":28}},"60":{"start":{"line":93,"column":4},"end":{"line":93,"column":25}},"61":{"start":{"line":96,"column":18},"end":{"line":96,"column":28}},"62":{"start":{"line":97,"column":4},"end":{"line":97,"column":56}}},"fnMap":{"0":{"name":"(anonymous_0)","decl":{"start":{"line":8,"column":8},"end":{"line":8,"column":9}},"loc":{"start":{"line":8,"column":22},"end":{"line":17,"column":5}},"line":8},"1":{"name":"(anonymous_1)","decl":{"start":{"line":10,"column":19},"end":{"line":10,"column":20}},"loc":{"start":{"line":10,"column":36},"end":{"line":13,"column":9}},"line":10},"2":{"name":"(anonymous_2)","decl":{"start":{"line":18,"column":9},"end":{"line":18,"column":10}},"loc":{"start":{"line":18,"column":27},"end":{"line":23,"column":5}},"line":18},"3":{"name":"(anonymous_3)","decl":{"start":{"line":26,"column":8},"end":{"line":26,"column":9}},"loc":{"start":{"line":26,"column":22},"end":{"line":34,"column":5}},"line":26},"4":{"name":"(anonymous_4)","decl":{"start":{"line":28,"column":19},"end":{"line":28,"column":20}},"loc":{"start":{"line":28,"column":36},"end":{"line":31,"column":9}},"line":28},"5":{"name":"(anonymous_5)","decl":{"start":{"line":35,"column":9},"end":{"line":35,"column":10}},"loc":{"start":{"line":35,"column":29},"end":{"line":38,"column":5}},"line":35},"6":{"name":"(anonymous_6)","decl":{"start":{"line":40,"column":16},"end":{"line":40,"column":17}},"loc":{"start":{"line":40,"column":33},"end":{"line":40,"column":75}},"line":40},"7":{"name":"(anonymous_7)","decl":{"start":{"line":46,"column":39},"end":{"line":46,"column":40}},"loc":{"start":{"line":46,"column":53},"end":{"line":49,"column":1}},"line":46},"8":{"name":"(anonymous_8)","decl":{"start":{"line":50,"column":39},"end":{"line":50,"column":40}},"loc":{"start":{"line":50,"column":53},"end":{"line":53,"column":1}},"line":50},"9":{"name":"(anonymous_9)","decl":{"start":{"line":54,"column":16},"end":{"line":54,"column":17}},"loc":{"start":{"line":54,"column":37},"end":{"line":58,"column":1}},"line":54},"10":{"name":"(anonymous_10)","decl":{"start":{"line":59,"column":14},"end":{"line":59,"column":15}},"loc":{"start":{"line":59,"column":28},"end":{"line":62,"column":1}},"line":59},"11":{"name":"(anonymous_11)","decl":{"start":{"line":63,"column":16},"end":{"line":63,"column":17}},"loc":{"start":{"line":63,"column":37},"end":{"line":66,"column":1}},"line":63},"12":{"name":"(anonymous_12)","decl":{"start":{"line":67,"column":34},"end":{"line":67,"column":35}},"loc":{"start":{"line":67,"column":48},"end":{"line":70,"column":1}},"line":67},"13":{"name":"(anonymous_13)","decl":{"start":{"line":71,"column":31},"end":{"line":71,"column":32}},"loc":{"start":{"line":71,"column":52},"end":{"line":74,"column":1}},"line":71},"14":{"name":"(anonymous_14)","decl":{"start":{"line":75,"column":33},"end":{"line":75,"column":34}},"loc":{"start":{"line":75,"column":47},"end":{"line":78,"column":1}},"line":75},"15":{"name":"(anonymous_15)","decl":{"start":{"line":79,"column":35},"end":{"line":79,"column":36}},"loc":{"start":{"line":79,"column":56},"end":{"line":82,"column":1}},"line":79},"16":{"name":"(anonymous_16)","decl":{"start":{"line":83,"column":35},"end":{"line":83,"column":36}},"loc":{"start":{"line":83,"column":56},"end":{"line":86,"column":1}},"line":83},"17":{"name":"(anonymous_17)","decl":{"start":{"line":87,"column":32},"end":{"line":87,"column":33}},"loc":{"start":{"line":87,"column":53},"end":{"line":90,"column":1}},"line":87},"18":{"name":"(anonymous_18)","decl":{"start":{"line":91,"column":34},"end":{"line":91,"column":35}},"loc":{"start":{"line":91,"column":48},"end":{"line":94,"column":1}},"line":91},"19":{"name":"(anonymous_19)","decl":{"start":{"line":95,"column":35},"end":{"line":95,"column":36}},"loc":{"start":{"line":95,"column":56},"end":{"line":98,"column":1}},"line":95}},"branchMap":{"0":{"loc":{"start":{"line":48,"column":11},"end":{"line":48,"column":59}},"type":"binary-expr","locations":[{"start":{"line":48,"column":11},"end":{"line":48,"column":24}},{"start":{"line":48,"column":28},"end":{"line":48,"column":38}},{"start":{"line":48,"column":42},"end":{"line":48,"column":59}}],"line":48},"1":{"loc":{"start":{"line":52,"column":11},"end":{"line":52,"column":67}},"type":"binary-expr","locations":[{"start":{"line":52,"column":12},"end":{"line":52,"column":26}},{"start":{"line":52,"column":30},"end":{"line":52,"column":41}},{"start":{"line":52,"column":46},"end":{"line":52,"column":67}}],"line":52},"2":{"loc":{"start":{"line":81,"column":11},"end":{"line":81,"column":57}},"type":"binary-expr","locations":[{"start":{"line":81,"column":11},"end":{"line":81,"column":30}},{"start":{"line":81,"column":34},"end":{"line":81,"column":57}}],"line":81}},"s":{"0":1,"1":1,"2":1,"3":1,"4":1,"5":1,"6":0,"7":0,"8":0,"9":0,"10":0,"11":0,"12":0,"13":0,"14":0,"15":0,"16":0,"17":0,"18":0,"19":0,"20":1,"21":0,"22":0,"23":0,"24":0,"25":0,"26":0,"27":0,"28":0,"29":0,"30":1,"31":0,"32":1,"33":0,"34":0,"35":0,"36":0,"37":0,"38":0,"39":0,"40":0,"41":0,"42":0,"43":0,"44":0,"45":0,"46":0,"47":0,"48":0,"49":0,"50":0,"51":0,"52":0,"53":0,"54":0,"55":0,"56":0,"57":0,"58":0,"59":0,"60":0,"61":0,"62":0},"f":{"0":0,"1":0,"2":0,"3":0,"4":0,"5":0,"6":0,"7":0,"8":0,"9":0,"10":0,"11":0,"12":0,"13":0,"14":0,"15":0,"16":0,"17":0,"18":0,"19":0},"b":{"0":[0,0,0],"1":[0,0,0],"2":[0,0]},"_coverageSchema":"332fd63041d2c1bcb487cc26dd0d5f7d97098a6c","hash":"64248e3fa9eaf89628d1a4656cdd460c14c436f8"}
,"/Users/akorzunov/dev/Z/mellis/github/UI/react-stroller/src/StrollCaptor.tsx": {"path":"/Users/akorzunov/dev/Z/mellis/github/UI/react-stroller/src/StrollCaptor.tsx","statementMap":{"0":{"start":{"line":2,"column":0},"end":{"line":2,"column":62}},"1":{"start":{"line":3,"column":12},"end":{"line":3,"column":28}},"2":{"start":{"line":4,"column":16},"end":{"line":4,"column":36}},"3":{"start":{"line":5,"column":0},"end":{"line":8,"column":7}},"4":{"start":{"line":5,"column":37},"end":{"line":8,"column":4}},"5":{"start":{"line":6,"column":29},"end":{"line":6,"column":50}},"6":{"start":{"line":7,"column":4},"end":{"line":7,"column":101}},"7":{"start":{"line":7,"column":63},"end":{"line":7,"column":94}}},"fnMap":{"0":{"name":"(anonymous_0)","decl":{"start":{"line":5,"column":23},"end":{"line":5,"column":24}},"loc":{"start":{"line":5,"column":35},"end":{"line":8,"column":6}},"line":5},"1":{"name":"(anonymous_1)","decl":{"start":{"line":5,"column":98},"end":{"line":5,"column":99}},"loc":{"start":{"line":5,"column":112},"end":{"line":8,"column":1}},"line":5},"2":{"name":"(anonymous_2)","decl":{"start":{"line":7,"column":46},"end":{"line":7,"column":47}},"loc":{"start":{"line":7,"column":61},"end":{"line":7,"column":96}},"line":7}},"branchMap":{},"s":{"0":1,"1":1,"2":1,"3":1,"4":0,"5":0,"6":0,"7":0},"f":{"0":0,"1":0,"2":0},"b":{},"_coverageSchema":"332fd63041d2c1bcb487cc26dd0d5f7d97098a6c","hash":"9c400948c0257364dee11c230f4e613f0a18f11e"}
,"/Users/akorzunov/dev/Z/mellis/github/UI/react-stroller/src/StrollableContainer.tsx": {"path":"/Users/akorzunov/dev/Z/mellis/github/UI/react-stroller/src/StrollableContainer.tsx","statementMap":{"0":{"start":{"line":2,"column":0},"end":{"line":2,"column":62}},"1":{"start":{"line":3,"column":18},"end":{"line":3,"column":40}},"2":{"start":{"line":4,"column":17},"end":{"line":4,"column":38}},"3":{"start":{"line":5,"column":12},"end":{"line":5,"column":28}},"4":{"start":{"line":6,"column":21},"end":{"line":6,"column":46}},"5":{"start":{"line":7,"column":0},"end":{"line":14,"column":2}},"6":{"start":{"line":8,"column":19},"end":{"line":8,"column":30}},"7":{"start":{"line":8,"column":39},"end":{"line":8,"column":46}},"8":{"start":{"line":8,"column":60},"end":{"line":8,"column":72}},"9":{"start":{"line":8,"column":80},"end":{"line":8,"column":86}},"10":{"start":{"line":8,"column":107},"end":{"line":8,"column":126}},"11":{"start":{"line":8,"column":140},"end":{"line":8,"column":152}},"12":{"start":{"line":9,"column":4},"end":{"line":13,"column":29}}},"fnMap":{"0":{"name":"(anonymous_0)","decl":{"start":{"line":7,"column":30},"end":{"line":7,"column":31}},"loc":{"start":{"line":7,"column":44},"end":{"line":14,"column":1}},"line":7}},"branchMap":{},"s":{"0":1,"1":1,"2":1,"3":1,"4":1,"5":1,"6":0,"7":0,"8":0,"9":0,"10":0,"11":0,"12":0},"f":{"0":0},"b":{},"_coverageSchema":"332fd63041d2c1bcb487cc26dd0d5f7d97098a6c","hash":"7abe70e9ad3abc17587b120eed1a400ef01903ea"}
,"/Users/akorzunov/dev/Z/mellis/github/UI/react-stroller/src/Stroller.tsx": {"path":"/Users/akorzunov/dev/Z/mellis/github/UI/react-stroller/src/Stroller.tsx","statementMap":{"0":{"start":{"line":2,"column":16},"end":{"line":11,"column":4}},"1":{"start":{"line":3,"column":24},"end":{"line":5,"column":82}},"2":{"start":{"line":4,"column":65},"end":{"line":4,"column":81}},"3":{"start":{"line":5,"column":26},"end":{"line":5,"column":80}},"4":{"start":{"line":5,"column":43},"end":{"line":5,"column":80}},"5":{"start":{"line":5,"column":68},"end":{"line":5,"column":80}},"6":{"start":{"line":6,"column":4},"end":{"line":10,"column":6}},"7":{"start":{"line":7,"column":8},"end":{"line":7,"column":28}},"8":{"start":{"line":8,"column":24},"end":{"line":8,"column":45}},"9":{"start":{"line":9,"column":8},"end":{"line":9,"column":93}},"10":{"start":{"line":12,"column":0},"end":{"line":12,"column":62}},"11":{"start":{"line":13,"column":12},"end":{"line":13,"column":28}},"12":{"start":{"line":14,"column":14},"end":{"line":14,"column":32}},"13":{"start":{"line":15,"column":12},"end":{"line":15,"column":28}},"14":{"start":{"line":16,"column":19},"end":{"line":16,"column":42}},"15":{"start":{"line":17,"column":16},"end":{"line":17,"column":36}},"16":{"start":{"line":18,"column":18},"end":{"line":18,"column":40}},"17":{"start":{"line":19,"column":18},"end":{"line":36,"column":1}},"18":{"start":{"line":37,"column":16},"end":{"line":164,"column":18}},"19":{"start":{"line":38,"column":4},"end":{"line":38,"column":32}},"20":{"start":{"line":40,"column":20},"end":{"line":40,"column":76}},"21":{"start":{"line":41,"column":8},"end":{"line":48,"column":10}},"22":{"start":{"line":49,"column":8},"end":{"line":49,"column":62}},"23":{"start":{"line":50,"column":8},"end":{"line":50,"column":34}},"24":{"start":{"line":51,"column":8},"end":{"line":51,"column":43}},"25":{"start":{"line":52,"column":8},"end":{"line":52,"column":37}},"26":{"start":{"line":53,"column":8},"end":{"line":53,"column":33}},"27":{"start":{"line":54,"column":8},"end":{"line":54,"column":38}},"28":{"start":{"line":55,"column":8},"end":{"line":55,"column":32}},"29":{"start":{"line":56,"column":8},"end":{"line":98,"column":10}},"30":{"start":{"line":57,"column":26},"end":{"line":57,"column":48}},"31":{"start":{"line":58,"column":28},"end":{"line":58,"column":45}},"32":{"start":{"line":59,"column":31},"end":{"line":59,"column":51}},"33":{"start":{"line":60,"column":31},"end":{"line":60,"column":51}},"34":{"start":{"line":61,"column":29},"end":{"line":61,"column":47}},"35":{"start":{"line":62,"column":30},"end":{"line":62,"column":49}},"36":{"start":{"line":63,"column":30},"end":{"line":63,"column":49}},"37":{"start":{"line":64,"column":12},"end":{"line":74,"column":13}},"38":{"start":{"line":68,"column":16},"end":{"line":73,"column":19}},"39":{"start":{"line":75,"column":28},"end":{"line":75,"column":49}},"40":{"start":{"line":76,"column":21},"end":{"line":76,"column":32}},"41":{"start":{"line":76,"column":39},"end":{"line":76,"column":57}},"42":{"start":{"line":76,"column":77},"end":{"line":76,"column":123}},"43":{"start":{"line":76,"column":130},"end":{"line":76,"column":137}},"44":{"start":{"line":76,"column":146},"end":{"line":76,"column":177}},"45":{"start":{"line":77,"column":21},"end":{"line":77,"column":38}},"46":{"start":{"line":78,"column":22},"end":{"line":85,"column":13}},"47":{"start":{"line":86,"column":30},"end":{"line":86,"column":49}},"48":{"start":{"line":87,"column":24},"end":{"line":87,"column":37}},"49":{"start":{"line":88,"column":25},"end":{"line":88,"column":39}},"50":{"start":{"line":89,"column":30},"end":{"line":89,"column":49}},"51":{"start":{"line":90,"column":26},"end":{"line":90,"column":101}},"52":{"start":{"line":91,"column":22},"end":{"line":93,"column":60}},"53":{"start":{"line":94,"column":12},"end":{"line":94,"column":142}},"54":{"start":{"line":95,"column":12},"end":{"line":97,"column":13}},"55":{"start":{"line":96,"column":16},"end":{"line":96,"column":66}},"56":{"start":{"line":99,"column":8},"end":{"line":99,"column":90}},"57":{"start":{"line":99,"column":52},"end":{"line":99,"column":87}},"58":{"start":{"line":100,"column":8},"end":{"line":100,"column":82}},"59":{"start":{"line":100,"column":48},"end":{"line":100,"column":79}},"60":{"start":{"line":101,"column":8},"end":{"line":106,"column":10}},"61":{"start":{"line":102,"column":12},"end":{"line":102,"column":34}},"62":{"start":{"line":103,"column":12},"end":{"line":105,"column":30}},"63":{"start":{"line":107,"column":8},"end":{"line":107,"column":21}},"64":{"start":{"line":109,"column":4},"end":{"line":139,"column":6}},"65":{"start":{"line":110,"column":20},"end":{"line":110,"column":24}},"66":{"start":{"line":111,"column":8},"end":{"line":111,"column":129}},"67":{"start":{"line":112,"column":8},"end":{"line":112,"column":107}},"68":{"start":{"line":113,"column":8},"end":{"line":113,"column":33}},"69":{"start":{"line":114,"column":8},"end":{"line":114,"column":36}},"70":{"start":{"line":115,"column":8},"end":{"line":138,"column":27}},"71":{"start":{"line":117,"column":44},"end":{"line":117,"column":92}},"72":{"start":{"line":119,"column":12},"end":{"line":121,"column":13}},"73":{"start":{"line":120,"column":16},"end":{"line":120,"column":58}},"74":{"start":{"line":122,"column":12},"end":{"line":136,"column":13}},"75":{"start":{"line":123,"column":25},"end":{"line":123,"column":41}},"76":{"start":{"line":123,"column":50},"end":{"line":123,"column":81}},"77":{"start":{"line":124,"column":36},"end":{"line":124,"column":61}},"78":{"start":{"line":125,"column":25},"end":{"line":125,"column":42}},"79":{"start":{"line":126,"column":28},"end":{"line":126,"column":88}},"80":{"start":{"line":127,"column":39},"end":{"line":127,"column":61}},"81":{"start":{"line":128,"column":34},"end":{"line":128,"column":66}},"82":{"start":{"line":129,"column":28},"end":{"line":129,"column":54}},"83":{"start":{"line":130,"column":35},"end":{"line":130,"column":54}},"84":{"start":{"line":131,"column":34},"end":{"line":131,"column":74}},"85":{"start":{"line":132,"column":16},"end":{"line":134,"column":17}},"86":{"start":{"line":133,"column":20},"end":{"line":133,"column":82}},"87":{"start":{"line":135,"column":16},"end":{"line":135,"column":58}},"88":{"start":{"line":140,"column":4},"end":{"line":142,"column":6}},"89":{"start":{"line":141,"column":8},"end":{"line":141,"column":35}},"90":{"start":{"line":143,"column":4},"end":{"line":146,"column":6}},"91":{"start":{"line":144,"column":8},"end":{"line":144,"column":66}},"92":{"start":{"line":145,"column":8},"end":{"line":145,"column":38}},"93":{"start":{"line":147,"column":4},"end":{"line":150,"column":6}},"94":{"start":{"line":148,"column":8},"end":{"line":148,"column":66}},"95":{"start":{"line":149,"column":8},"end":{"line":149,"column":22}},"96":{"start":{"line":151,"column":4},"end":{"line":162,"column":6}},"97":{"start":{"line":152,"column":17},"end":{"line":152,"column":27}},"98":{"start":{"line":152,"column":40},"end":{"line":152,"column":51}},"99":{"start":{"line":152,"column":59},"end":{"line":152,"column":65}},"100":{"start":{"line":152,"column":72},"end":{"line":152,"column":79}},"101":{"start":{"line":152,"column":88},"end":{"line":152,"column":119}},"102":{"start":{"line":152,"column":126},"end":{"line":152,"column":145}},"103":{"start":{"line":152,"column":166},"end":{"line":152,"column":192}},"104":{"start":{"line":152,"column":199},"end":{"line":152,"column":211}},"105":{"start":{"line":152,"column":225},"end":{"line":152,"column":251}},"106":{"start":{"line":152,"column":271},"end":{"line":152,"column":289}},"107":{"start":{"line":153,"column":24},"end":{"line":153,"column":44}},"108":{"start":{"line":154,"column":17},"end":{"line":154,"column":27}},"109":{"start":{"line":155,"column":17},"end":{"line":155,"column":34}},"110":{"start":{"line":156,"column":26},"end":{"line":156,"column":44}},"111":{"start":{"line":157,"column":8},"end":{"line":161,"column":331}},"112":{"start":{"line":163,"column":4},"end":{"line":163,"column":20}},"113":{"start":{"line":165,"column":0},"end":{"line":165,"column":28}}},"fnMap":{"0":{"name":"(anonymous_0)","decl":{"start":{"line":2,"column":45},"end":{"line":2,"column":46}},"loc":{"start":{"line":2,"column":57},"end":{"line":11,"column":1}},"line":2},"1":{"name":"(anonymous_1)","decl":{"start":{"line":4,"column":47},"end":{"line":4,"column":48}},"loc":{"start":{"line":4,"column":63},"end":{"line":4,"column":83}},"line":4},"2":{"name":"(anonymous_2)","decl":{"start":{"line":5,"column":8},"end":{"line":5,"column":9}},"loc":{"start":{"line":5,"column":24},"end":{"line":5,"column":82}},"line":5},"3":{"name":"(anonymous_3)","decl":{"start":{"line":6,"column":11},"end":{"line":6,"column":12}},"loc":{"start":{"line":6,"column":27},"end":{"line":10,"column":5}},"line":6},"4":{"name":"__","decl":{"start":{"line":8,"column":17},"end":{"line":8,"column":19}},"loc":{"start":{"line":8,"column":22},"end":{"line":8,"column":47}},"line":8},"5":{"name":"(anonymous_5)","decl":{"start":{"line":37,"column":16},"end":{"line":37,"column":17}},"loc":{"start":{"line":37,"column":34},"end":{"line":164,"column":1}},"line":37},"6":{"name":"Stroller","decl":{"start":{"line":39,"column":13},"end":{"line":39,"column":21}},"loc":{"start":{"line":39,"column":24},"end":{"line":108,"column":5}},"line":39},"7":{"name":"(anonymous_7)","decl":{"start":{"line":56,"column":34},"end":{"line":56,"column":35}},"loc":{"start":{"line":56,"column":46},"end":{"line":98,"column":9}},"line":56},"8":{"name":"(anonymous_8)","decl":{"start":{"line":99,"column":35},"end":{"line":99,"column":36}},"loc":{"start":{"line":99,"column":50},"end":{"line":99,"column":89}},"line":99},"9":{"name":"(anonymous_9)","decl":{"start":{"line":100,"column":27},"end":{"line":100,"column":28}},"loc":{"start":{"line":100,"column":46},"end":{"line":100,"column":81}},"line":100},"10":{"name":"(anonymous_10)","decl":{"start":{"line":101,"column":26},"end":{"line":101,"column":27}},"loc":{"start":{"line":101,"column":44},"end":{"line":106,"column":9}},"line":101},"11":{"name":"(anonymous_11)","decl":{"start":{"line":109,"column":43},"end":{"line":109,"column":44}},"loc":{"start":{"line":109,"column":55},"end":{"line":139,"column":5}},"line":109},"12":{"name":"(anonymous_12)","decl":{"start":{"line":117,"column":21},"end":{"line":117,"column":22}},"loc":{"start":{"line":117,"column":42},"end":{"line":117,"column":94}},"line":117},"13":{"name":"(anonymous_13)","decl":{"start":{"line":118,"column":21},"end":{"line":118,"column":22}},"loc":{"start":{"line":118,"column":48},"end":{"line":137,"column":9}},"line":118},"14":{"name":"(anonymous_14)","decl":{"start":{"line":140,"column":46},"end":{"line":140,"column":47}},"loc":{"start":{"line":140,"column":58},"end":{"line":142,"column":5}},"line":140},"15":{"name":"(anonymous_15)","decl":{"start":{"line":143,"column":44},"end":{"line":143,"column":45}},"loc":{"start":{"line":143,"column":56},"end":{"line":146,"column":5}},"line":143},"16":{"name":"(anonymous_16)","decl":{"start":{"line":147,"column":32},"end":{"line":147,"column":33}},"loc":{"start":{"line":147,"column":50},"end":{"line":150,"column":5}},"line":147},"17":{"name":"(anonymous_17)","decl":{"start":{"line":151,"column":32},"end":{"line":151,"column":33}},"loc":{"start":{"line":151,"column":44},"end":{"line":162,"column":5}},"line":151}},"branchMap":{"0":{"loc":{"start":{"line":2,"column":16},"end":{"line":11,"column":4}},"type":"binary-expr","locations":[{"start":{"line":2,"column":17},"end":{"line":2,"column":21}},{"start":{"line":2,"column":25},"end":{"line":2,"column":39}},{"start":{"line":2,"column":44},"end":{"line":11,"column":4}}],"line":2},"1":{"loc":{"start":{"line":3,"column":24},"end":{"line":5,"column":82}},"type":"binary-expr","locations":[{"start":{"line":3,"column":24},"end":{"line":3,"column":45}},{"start":{"line":4,"column":9},"end":{"line":4,"column":43}},{"start":{"line":4,"column":47},"end":{"line":4,"column":83}},{"start":{"line":5,"column":8},"end":{"line":5,"column":82}}],"line":3},"2":{"loc":{"start":{"line":5,"column":43},"end":{"line":5,"column":80}},"type":"if","locations":[{"start":{"line":5,"column":43},"end":{"line":5,"column":80}},{"start":{"line":5,"column":43},"end":{"line":5,"column":80}}],"line":5},"3":{"loc":{"start":{"line":9,"column":22},"end":{"line":9,"column":92}},"type":"cond-expr","locations":[{"start":{"line":9,"column":35},"end":{"line":9,"column":51}},{"start":{"line":9,"column":55},"end":{"line":9,"column":91}}],"line":9},"4":{"loc":{"start":{"line":40,"column":20},"end":{"line":40,"column":76}},"type":"binary-expr","locations":[{"start":{"line":40,"column":20},"end":{"line":40,"column":35}},{"start":{"line":40,"column":39},"end":{"line":40,"column":68}},{"start":{"line":40,"column":72},"end":{"line":40,"column":76}}],"line":40},"5":{"loc":{"start":{"line":64,"column":12},"end":{"line":74,"column":13}},"type":"if","locations":[{"start":{"line":64,"column":12},"end":{"line":74,"column":13}},{"start":{"line":64,"column":12},"end":{"line":74,"column":13}}],"line":64},"6":{"loc":{"start":{"line":64,"column":16},"end":{"line":67,"column":57}},"type":"binary-expr","locations":[{"start":{"line":64,"column":16},"end":{"line":64,"column":55}},{"start":{"line":65,"column":16},"end":{"line":65,"column":57}},{"start":{"line":66,"column":16},"end":{"line":66,"column":55}},{"start":{"line":67,"column":16},"end":{"line":67,"column":57}}],"line":64},"7":{"loc":{"start":{"line":76,"column":77},"end":{"line":76,"column":123}},"type":"cond-expr","locations":[{"start":{"line":76,"column":93},"end":{"line":76,"column":118}},{"start":{"line":76,"column":121},"end":{"line":76,"column":123}}],"line":76},"8":{"loc":{"start":{"line":76,"column":146},"end":{"line":76,"column":177}},"type":"cond-expr","locations":[{"start":{"line":76,"column":162},"end":{"line":76,"column":172}},{"start":{"line":76,"column":175},"end":{"line":76,"column":177}}],"line":76},"9":{"loc":{"start":{"line":91,"column":22},"end":{"line":93,"column":60}},"type":"cond-expr","locations":[{"start":{"line":92,"column":18},"end":{"line":92,"column":66}},{"start":{"line":93,"column":18},"end":{"line":93,"column":60}}],"line":91},"10":{"loc":{"start":{"line":95,"column":12},"end":{"line":97,"column":13}},"type":"if","locations":[{"start":{"line":95,"column":12},"end":{"line":97,"column":13}},{"start":{"line":95,"column":12},"end":{"line":97,"column":13}}],"line":95},"11":{"loc":{"start":{"line":111,"column":73},"end":{"line":111,"column":109}},"type":"binary-expr","locations":[{"start":{"line":111,"column":73},"end":{"line":111,"column":93}},{"start":{"line":111,"column":97},"end":{"line":111,"column":109}}],"line":111},"12":{"loc":{"start":{"line":112,"column":31},"end":{"line":112,"column":106}},"type":"cond-expr","locations":[{"start":{"line":112,"column":54},"end":{"line":112,"column":99}},{"start":{"line":112,"column":102},"end":{"line":112,"column":106}}],"line":112},"13":{"loc":{"start":{"line":119,"column":12},"end":{"line":121,"column":13}},"type":"if","locations":[{"start":{"line":119,"column":12},"end":{"line":121,"column":13}},{"start":{"line":119,"column":12},"end":{"line":121,"column":13}}],"line":119},"14":{"loc":{"start":{"line":122,"column":12},"end":{"line":136,"column":13}},"type":"if","locations":[{"start":{"line":122,"column":12},"end":{"line":136,"column":13}},{"start":{"line":122,"column":12},"end":{"line":136,"column":13}}],"line":122},"15":{"loc":{"start":{"line":123,"column":50},"end":{"line":123,"column":81}},"type":"cond-expr","locations":[{"start":{"line":123,"column":66},"end":{"line":123,"column":76}},{"start":{"line":123,"column":79},"end":{"line":123,"column":81}}],"line":123},"16":{"loc":{"start":{"line":132,"column":16},"end":{"line":134,"column":17}},"type":"if","locations":[{"start":{"line":132,"column":16},"end":{"line":134,"column":17}},{"start":{"line":132,"column":16},"end":{"line":134,"column":17}}],"line":132},"17":{"loc":{"start":{"line":132,"column":20},"end":{"line":132,"column":102}},"type":"binary-expr","locations":[{"start":{"line":132,"column":20},"end":{"line":132,"column":60}},{"start":{"line":132,"column":64},"end":{"line":132,"column":102}}],"line":132},"18":{"loc":{"start":{"line":152,"column":88},"end":{"line":152,"column":119}},"type":"cond-expr","locations":[{"start":{"line":152,"column":104},"end":{"line":152,"column":114}},{"start":{"line":152,"column":117},"end":{"line":152,"column":119}}],"line":152},"19":{"loc":{"start":{"line":152,"column":166},"end":{"line":152,"column":192}},"type":"cond-expr","locations":[{"start":{"line":152,"column":182},"end":{"line":152,"column":187}},{"start":{"line":152,"column":190},"end":{"line":152,"column":192}}],"line":152},"20":{"loc":{"start":{"line":152,"column":225},"end":{"line":152,"column":251}},"type":"cond-expr","locations":[{"start":{"line":152,"column":241},"end":{"line":152,"column":246}},{"start":{"line":152,"column":249},"end":{"line":152,"column":251}}],"line":152},"21":{"loc":{"start":{"line":161,"column":12},"end":{"line":161,"column":328}},"type":"binary-expr","locations":[{"start":{"line":161,"column":12},"end":{"line":161,"column":23}},{"start":{"line":161,"column":27},"end":{"line":161,"column":328}}],"line":161}},"s":{"0":1,"1":1,"2":0,"3":0,"4":0,"5":0,"6":1,"7":1,"8":1,"9":1,"10":1,"11":1,"12":1,"13":1,"14":1,"15":1,"16":1,"17":1,"18":1,"19":1,"20":0,"21":0,"22":0,"23":0,"24":0,"25":0,"26":0,"27":0,"28":0,"29":0,"30":0,"31":0,"32":0,"33":0,"34":0,"35":0,"36":0,"37":0,"38":0,"39":0,"40":0,"41":0,"42":0,"43":0,"44":0,"45":0,"46":0,"47":0,"48":0,"49":0,"50":0,"51":0,"52":0,"53":0,"54":0,"55":0,"56":0,"57":0,"58":0,"59":0,"60":0,"61":0,"62":0,"63":0,"64":1,"65":0,"66":0,"67":0,"68":0,"69":0,"70":0,"71":0,"72":0,"73":0,"74":0,"75":0,"76":0,"77":0,"78":0,"79":0,"80":0,"81":0,"82":0,"83":0,"84":0,"85":0,"86":0,"87":0,"88":1,"89":0,"90":1,"91":0,"92":0,"93":1,"94":0,"95":0,"96":1,"97":0,"98":0,"99":0,"100":0,"101":0,"102":0,"103":0,"104":0,"105":0,"106":0,"107":0,"108":0,"109":0,"110":0,"111":0,"112":1,"113":1},"f":{"0":1,"1":0,"2":0,"3":1,"4":1,"5":1,"6":0,"7":0,"8":0,"9":0,"10":0,"11":0,"12":0,"13":0,"14":0,"15":0,"16":0,"17":0},"b":{"0":[1,1,1],"1":[1,0,0,0],"2":[0,0],"3":[0,1],"4":[0,0,0],"5":[0,0],"6":[0,0,0,0],"7":[0,0],"8":[0,0],"9":[0,0],"10":[0,0],"11":[0,0],"12":[0,0],"13":[0,0],"14":[0,0],"15":[0,0],"16":[0,0],"17":[0,0],"18":[0,0],"19":[0,0],"20":[0,0],"21":[0,0]},"_coverageSchema":"332fd63041d2c1bcb487cc26dd0d5f7d97098a6c","hash":"4ee3541278264300cc3cf35feef914a875e9d211"}
,"/Users/akorzunov/dev/Z/mellis/github/UI/react-stroller/src/context.tsx": {"path":"/Users/akorzunov/dev/Z/mellis/github/UI/react-stroller/src/context.tsx","statementMap":{"0":{"start":{"line":2,"column":0},"end":{"line":2,"column":62}},"1":{"start":{"line":3,"column":12},"end":{"line":3,"column":28}},"2":{"start":{"line":4,"column":21},"end":{"line":6,"column":1}},"3":{"start":{"line":5,"column":38},"end":{"line":5,"column":94}},"4":{"start":{"line":7,"column":0},"end":{"line":7,"column":54}},"5":{"start":{"line":8,"column":0},"end":{"line":8,"column":52}},"6":{"start":{"line":9,"column":0},"end":{"line":9,"column":51}}},"fnMap":{"0":{"name":"(anonymous_0)","decl":{"start":{"line":5,"column":24},"end":{"line":5,"column":25}},"loc":{"start":{"line":5,"column":36},"end":{"line":5,"column":96}},"line":5}},"branchMap":{},"s":{"0":1,"1":1,"2":1,"3":0,"4":1,"5":1,"6":1},"f":{"0":0},"b":{},"_coverageSchema":"332fd63041d2c1bcb487cc26dd0d5f7d97098a6c","hash":"7708baacec85c4513f0b5b9dc3f0b3079dc87f9b"}
,"/Users/akorzunov/dev/Z/mellis/github/UI/react-stroller/src/index.ts": {"path":"/Users/akorzunov/dev/Z/mellis/github/UI/react-stroller/src/index.ts","statementMap":{"0":{"start":{"line":2,"column":0},"end":{"line":2,"column":62}},"1":{"start":{"line":3,"column":18},"end":{"line":3,"column":40}},"2":{"start":{"line":4,"column":0},"end":{"line":4,"column":44}},"3":{"start":{"line":5,"column":17},"end":{"line":5,"column":38}},"4":{"start":{"line":6,"column":0},"end":{"line":6,"column":39}},"5":{"start":{"line":7,"column":28},"end":{"line":7,"column":60}},"6":{"start":{"line":8,"column":0},"end":{"line":8,"column":72}},"7":{"start":{"line":9,"column":21},"end":{"line":9,"column":46}},"8":{"start":{"line":10,"column":0},"end":{"line":10,"column":51}}},"fnMap":{},"branchMap":{},"s":{"0":1,"1":1,"2":1,"3":1,"4":1,"5":1,"6":1,"7":1,"8":1},"f":{},"b":{},"_coverageSchema":"332fd63041d2c1bcb487cc26dd0d5f7d97098a6c","hash":"ca44327b328def8b18803b9bdc4428563f5d1a06"}
,"/Users/akorzunov/dev/Z/mellis/github/UI/react-stroller/src/utils.ts": {"path":"/Users/akorzunov/dev/Z/mellis/github/UI/react-stroller/src/utils.ts","statementMap":{"0":{"start":{"line":2,"column":0},"end":{"line":2,"column":62}},"1":{"start":{"line":3,"column":0},"end":{"line":6,"column":2}},"2":{"start":{"line":7,"column":0},"end":{"line":10,"column":2}},"3":{"start":{"line":11,"column":0},"end":{"line":14,"column":2}},"4":{"start":{"line":15,"column":0},"end":{"line":28,"column":2}},"5":{"start":{"line":16,"column":4},"end":{"line":16,"column":47}},"6":{"start":{"line":16,"column":27},"end":{"line":16,"column":45}},"7":{"start":{"line":17,"column":4},"end":{"line":19,"column":5}},"8":{"start":{"line":18,"column":8},"end":{"line":18,"column":20}},"9":{"start":{"line":20,"column":16},"end":{"line":20,"column":45}},"10":{"start":{"line":21,"column":15},"end":{"line":21,"column":50}},"11":{"start":{"line":22,"column":4},"end":{"line":24,"column":5}},"12":{"start":{"line":23,"column":8},"end":{"line":23,"column":20}},"13":{"start":{"line":25,"column":4},"end":{"line":27,"column":15}},"14":{"start":{"line":29,"column":21},"end":{"line":29,"column":23}},"15":{"start":{"line":30,"column":0},"end":{"line":41,"column":2}},"16":{"start":{"line":31,"column":4},"end":{"line":39,"column":5}},"17":{"start":{"line":32,"column":20},"end":{"line":32,"column":49}},"18":{"start":{"line":33,"column":20},"end":{"line":33,"column":49}},"19":{"start":{"line":34,"column":8},"end":{"line":34,"column":40}},"20":{"start":{"line":35,"column":8},"end":{"line":35,"column":41}},"21":{"start":{"line":36,"column":8},"end":{"line":36,"column":33}},"22":{"start":{"line":37,"column":8},"end":{"line":37,"column":63}},"23":{"start":{"line":38,"column":8},"end":{"line":38,"column":41}},"24":{"start":{"line":40,"column":4},"end":{"line":40,"column":26}}},"fnMap":{"0":{"name":"(anonymous_0)","decl":{"start":{"line":15,"column":31},"end":{"line":15,"column":32}},"loc":{"start":{"line":15,"column":53},"end":{"line":28,"column":1}},"line":15},"1":{"name":"(anonymous_1)","decl":{"start":{"line":30,"column":28},"end":{"line":30,"column":29}},"loc":{"start":{"line":30,"column":40},"end":{"line":41,"column":1}},"line":30}},"branchMap":{"0":{"loc":{"start":{"line":16,"column":4},"end":{"line":16,"column":47}},"type":"if","locations":[{"start":{"line":16,"column":4},"end":{"line":16,"column":47}},{"start":{"line":16,"column":4},"end":{"line":16,"column":47}}],"line":16},"1":{"loc":{"start":{"line":17,"column":4},"end":{"line":19,"column":5}},"type":"if","locations":[{"start":{"line":17,"column":4},"end":{"line":19,"column":5}},{"start":{"line":17,"column":4},"end":{"line":19,"column":5}}],"line":17},"2":{"loc":{"start":{"line":22,"column":4},"end":{"line":24,"column":5}},"type":"if","locations":[{"start":{"line":22,"column":4},"end":{"line":24,"column":5}},{"start":{"line":22,"column":4},"end":{"line":24,"column":5}}],"line":22},"3":{"loc":{"start":{"line":22,"column":8},"end":{"line":22,"column":46}},"type":"binary-expr","locations":[{"start":{"line":22,"column":8},"end":{"line":22,"column":25}},{"start":{"line":22,"column":29},"end":{"line":22,"column":46}}],"line":22},"4":{"loc":{"start":{"line":25,"column":11},"end":{"line":27,"column":14}},"type":"cond-expr","locations":[{"start":{"line":26,"column":10},"end":{"line":26,"column":61}},{"start":{"line":27,"column":10},"end":{"line":27,"column":14}}],"line":25},"5":{"loc":{"start":{"line":31,"column":4},"end":{"line":39,"column":5}},"type":"if","locations":[{"start":{"line":31,"column":4},"end":{"line":39,"column":5}},{"start":{"line":31,"column":4},"end":{"line":39,"column":5}}],"line":31}},"s":{"0":1,"1":1,"2":1,"3":1,"4":1,"5":0,"6":0,"7":0,"8":0,"9":0,"10":0,"11":0,"12":0,"13":0,"14":1,"15":1,"16":1,"17":1,"18":1,"19":1,"20":1,"21":1,"22":1,"23":1,"24":1},"f":{"0":0,"1":1},"b":{"0":[0,0],"1":[0,0],"2":[0,0],"3":[0,0],"4":[0,0],"5":[1,0]},"_coverageSchema":"332fd63041d2c1bcb487cc26dd0d5f7d97098a6c","hash":"a3272d7d0ed968af82e3ad1c404d09585af613ca"}
}
